<?xml version="1.0" encoding="UTF-8"?>
<testsuite name="de.demoshop.tests.LoginTests" tests="1" skipped="0" failures="0" errors="0" timestamp="2026-04-18T19:53:05.718Z" hostname="MacBook-Pro-Artur.local" time="1.108">
  <properties/>
  <testcase name="existedUserLoginPositiveTest" classname="de.demoshop.tests.LoginTests" time="1.099"/>
  <system-out><![CDATA[21:53:05.720 [Test worker] INFO  de.demoshop.core.TestBase -- Start test_______existedUserLoginPositiveTest
21:53:06.826 [Test worker] INFO  de.demoshop.core.TestBase -- PASSED
21:53:06.827 [Test worker] INFO  de.demoshop.core.TestBase -- ==================================================
]]></system-out>
  <system-err><![CDATA[]]></system-err>
</testsuite>
