<?xml version="1.0" encoding="UTF-8"?>
<testsuite name="de.demoshop.tests.ItemTests" tests="7" skipped="0" failures="0" errors="0" timestamp="2026-04-18T19:53:06.826Z" hostname="MacBook-Pro-Artur.local" time="52.83">
  <properties/>
  <testcase name="addToCartOutOfStockProductTest" classname="de.demoshop.tests.ItemTests" time="1.187"/>
  <testcase name="addToCartProductWithOptionalDetailsTest" classname="de.demoshop.tests.ItemTests" time="6.82"/>
  <testcase name="addToCartProductWithRequiredDetailsTest" classname="de.demoshop.tests.ItemTests" time="6.358"/>
  <testcase name="itemAddedToTheCartIsInTheCartAfterLoginTest" classname="de.demoshop.tests.ItemTests" time="2.847"/>
  <testcase name="loggedInUserAddsItemToCartTest" classname="de.demoshop.tests.ItemTests" time="5.408"/>
  <testcase name="loggedInUserAddsTwoEqualItemsToCartTest" classname="de.demoshop.tests.ItemTests" time="6.155"/>
  <testcase name="notLoggedInUserAddsItemToCartTest" classname="de.demoshop.tests.ItemTests" time="6.013"/>
  <system-out><![CDATA[21:53:06.827 [Test worker] INFO  de.demoshop.core.TestBase -- Start test_______addToCartOutOfStockProductTest
21:53:09.453 [Test worker] INFO  de.demoshop.core.TestBase -- PASSED
21:53:09.453 [Test worker] INFO  de.demoshop.core.TestBase -- ==================================================
21:53:09.454 [Test worker] INFO  de.demoshop.core.TestBase -- Start test_______addToCartProductWithOptionalDetailsTest
21:53:19.737 [Test worker] INFO  de.demoshop.core.TestBase -- PASSED
21:53:19.738 [Test worker] INFO  de.demoshop.core.TestBase -- ==================================================
21:53:19.739 [Test worker] INFO  de.demoshop.core.TestBase -- Start test_______addToCartProductWithRequiredDetailsTest
21:53:29.184 [Test worker] INFO  de.demoshop.core.TestBase -- PASSED
21:53:29.185 [Test worker] INFO  de.demoshop.core.TestBase -- ==================================================
21:53:29.186 [Test worker] INFO  de.demoshop.core.TestBase -- Start test_______itemAddedToTheCartIsInTheCartAfterLoginTest
21:53:35.089 [Test worker] INFO  de.demoshop.core.TestBase -- PASSED
21:53:35.090 [Test worker] INFO  de.demoshop.core.TestBase -- ==================================================
21:53:35.091 [Test worker] INFO  de.demoshop.core.TestBase -- Start test_______loggedInUserAddsItemToCartTest
21:53:43.085 [Test worker] INFO  de.demoshop.core.TestBase -- PASSED
21:53:43.086 [Test worker] INFO  de.demoshop.core.TestBase -- ==================================================
21:53:43.087 [Test worker] INFO  de.demoshop.core.TestBase -- Start test_______loggedInUserAddsTwoEqualItemsToCartTest
21:53:52.004 [Test worker] INFO  de.demoshop.core.TestBase -- PASSED
21:53:52.004 [Test worker] INFO  de.demoshop.core.TestBase -- ==================================================
21:53:52.005 [Test worker] INFO  de.demoshop.core.TestBase -- Start test_______notLoggedInUserAddsItemToCartTest
21:54:00.415 [Test worker] INFO  de.demoshop.core.TestBase -- PASSED
21:54:00.416 [Test worker] INFO  de.demoshop.core.TestBase -- ==================================================
]]></system-out>
  <system-err><![CDATA[]]></system-err>
</testsuite>
