<?xml version="1.0" encoding="UTF-8"?>
<testsuite name="de.demoshop.tests.HomePageTests" tests="1" skipped="0" failures="0" errors="0" timestamp="2026-04-18T19:53:05.700Z" hostname="MacBook-Pro-Artur.local" time="0.016">
  <properties/>
  <testcase name="isHomePageShownTest" classname="de.demoshop.tests.HomePageTests" time="0.01"/>
  <system-out><![CDATA[21:53:05.705 [Test worker] INFO  de.demoshop.core.TestBase -- Start test_______isHomePageShownTest
21:53:05.718 [Test worker] INFO  de.demoshop.core.TestBase -- PASSED
21:53:05.718 [Test worker] INFO  de.demoshop.core.TestBase -- ==================================================
]]></system-out>
  <system-err><![CDATA[]]></system-err>
</testsuite>
