<?xml version="1.0" encoding="UTF-8"?>
<testsuite name="de.demoshop.tests.LogoutTests" tests="1" skipped="0" failures="0" errors="0" timestamp="2026-04-20T20:06:26.713Z" hostname="MacBook-Pro-Artur.local" time="3.676">
  <properties/>
  <testcase name="loggedInUserCanLogoutTest" classname="de.demoshop.tests.LogoutTests" time="1.697"/>
  <system-out><![CDATA[22:06:26.714 [Test worker] INFO  de.demoshop.core.TestBase -- Start test_______loggedInUserCanLogoutTest
22:06:30.390 [Test worker] INFO  de.demoshop.core.TestBase -- PASSED
22:06:30.390 [Test worker] INFO  de.demoshop.core.TestBase -- ==================================================
]]></system-out>
  <system-err><![CDATA[]]></system-err>
</testsuite>
